<?xml version="1.0" encoding="UTF-8"?>
<testsuite xmlns:xsi="http://www.w3.org/2001/XMLSchema-instance" xsi:noNamespaceSchemaLocation="https://maven.apache.org/surefire/maven-surefire-plugin/xsd/surefire-test-report.xsd" version="3.0.2" name="dev.api.pokestop.PokestopApplicationTests" time="10.369" tests="1" errors="0" skipped="0" failures="0">
  <properties>
[...]
</properties>
  <testcase name="contextLoads" classname="dev.api.pokestop.PokestopApplicationTests" time="3.347">
    <system-out><![CDATA[Standard Commons Logging discovery in action with spring-jcl: please remove commons-logging.jar from classpath in order to avoid potential conflicts
14:41:38.986 [main] INFO org.springframework.test.context.support.AnnotationConfigContextLoaderUtils -- Could not detect default configuration classes for test class [dev.api.pokestop.PokestopApplicationTests]: PokestopApplicationTests does not declare any static, non-private, non-final, nested classes annotated with @Configuration.
14:41:39.136 [main] INFO org.springframework.boot.test.context.SpringBootTestContextBootstrapper -- Found @SpringBootConfiguration dev.api.pokestop.PokestopApplication for test class dev.api.pokestop.PokestopApplicationTests

  .   ____          _            __ _ _
 /\\ / ___'_ __ _ _(_)_ __  __ _ \ \ \ \
( ( )\___ | '_ | '_| | '_ \/ _` | \ \ \ \
 \\/  ___)| |_)| | | | | || (_| |  ) ) ) )
  '  |____| .__|_| |_|_| |_\__, | / / / /
 =========|_|==============|___/=/_/_/_/

 :: Spring Boot ::                (v3.5.3)

2025-09-15T14:41:39.474-06:00  INFO 31364 --- [pokestop] [           main] d.api.pokestop.PokestopApplicationTests  : Starting PokestopApplicationTests using Java 21.0.8 with PID 31364 (started by 10051800 in E:\Users\10051800\Documents\Github personal\pokeback)
2025-09-15T14:41:39.475-06:00  INFO 31364 --- [pokestop] [           main] d.api.pokestop.PokestopApplicationTests  : No active profile set, falling back to 1 default profile: "default"
Firebase inicializado correctamente desde application.properties.
2025-09-15T14:41:45.850-06:00  INFO 31364 --- [pokestop] [           main] d.api.pokestop.PokestopApplicationTests  : Started PokestopApplicationTests in 6.592 seconds (process running for 7.864)
]]></system-out>
    <system-err><![CDATA[Mockito is currently self-attaching to enable the inline-mock-maker. This will no longer work in future releases of the JDK. Please add Mockito as an agent to your build as described in Mockito's documentation: https://javadoc.io/doc/org.mockito/mockito-core/latest/org.mockito/org/mockito/Mockito.html#0.3
WARNING: A Java agent has been loaded dynamically (E:\Users\10051800\.m2\repository\net\bytebuddy\byte-buddy-agent\1.17.6\byte-buddy-agent-1.17.6.jar)
WARNING: If a serviceability tool is in use, please run with -XX:+EnableDynamicAgentLoading to hide this warning
WARNING: If a serviceability tool is not in use, please run with -Djdk.instrument.traceUsage for more information
WARNING: Dynamic loading of agents will be disallowed by default in a future release
]]></system-err>
  </testcase>
</testsuite>